<?xml version="1.0" encoding="UTF-8"?>
<!-- Generated by org.testng.reporters.JUnitReportReporter -->
<testsuite hostname="DESKTOP-8DLIAI9" failures="0" tests="1" name="Login.LoginTest" time="3.632" errors="0" timestamp="2024-02-29T14:04:02 IST" skipped="0">
  <testcase classname="Login.LoginTest" name="testSuccessfulLogin" time="3.632"/>
</testsuite> <!-- Login.LoginTest -->
