<?xml version="1.0" encoding="UTF-8"?>
<!-- Generated by org.testng.reporters.JUnitReportReporter -->
<testsuite hostname="DESKTOP-8DLIAI9" failures="0" tests="1" name="Login.DropdownTest" time="1.197" errors="0" timestamp="2024-02-28T17:16:59 IST" skipped="0">
  <testcase classname="Login.DropdownTest" name="testDropdown" time="1.197"/>
</testsuite> <!-- Login.DropdownTest -->
