<?xml version="1.0" encoding="UTF-8"?>
<!-- Generated by org.testng.reporters.JUnitReportReporter -->
<testsuite hostname="DESKTOP-8DLIAI9" failures="0" tests="1" name="hover.HoverTests" time="6.943" errors="0" timestamp="2024-03-05T14:10:57 IST" skipped="0">
  <testcase classname="hover.HoverTests" name="testHoverUser1" time="6.943"/>
</testsuite> <!-- hover.HoverTests -->
