<?xml version="1.0" encoding="UTF-8"?>
<!-- Generated by org.testng.reporters.JUnitReportReporter -->
<testsuite hostname="DESKTOP-8DLIAI9" failures="0" tests="3" name="alerts.AlertTests" time="19.729" errors="0" timestamp="2024-03-02T23:11:53 IST" skipped="0">
  <testcase classname="alerts.AlertTests" name="testAcceptAlert" time="17.129"/>
  <testcase classname="alerts.AlertTests" name="testGetTextFromAlert" time="1.260"/>
  <testcase classname="alerts.AlertTests" name="testSetInputInAlert" time="1.340"/>
</testsuite> <!-- alerts.AlertTests -->
