<?xml version="1.0" encoding="UTF-8"?>
<!-- Generated by org.testng.reporters.JUnitReportReporter -->
<testsuite hostname="DESKTOP-8DLIAI9" failures="0" tests="1" name="Hover.HoverTest" time="1.647" errors="0" timestamp="2024-02-29T14:04:02 IST" skipped="0">
  <testcase classname="Hover.HoverTest" name="hoverOnFigure" time="1.647"/>
</testsuite> <!-- Hover.HoverTest -->
