<?xml version="1.0" encoding="UTF-8"?>
<!-- Generated by org.testng.reporters.JUnitReportReporter -->
<testsuite hostname="DESKTOP-8DLIAI9" failures="0" tests="1" name="com.automation.testcases.LoginTest" time="1.388" errors="0" timestamp="2023-12-17T14:38:50 IST" skipped="0">
  <testcase classname="com.automation.testcases.LoginTest" name="loginApp" time="1.388"/>
  <system-out>
    <![CDATA[Setting up reports and Test is getting ready
Setting done - Test can be started 
Trying to start Browser and Getting Application ready
Browser and application is up and ready 
Test is about to end
Test completed >>> Reports are Generated]]>
  </system-out>
</testsuite> <!-- com.automation.testcases.LoginTest -->
